<?xml version="1.0" encoding="UTF-8"?>
<testsuite name="PracticeTest" tests="1" skipped="0" failures="0" errors="0" timestamp="2021-01-26T20:36:55" hostname="DESKTOP-4R4F81" time="368.592">
  <properties/>
  <testcase name="runOpt" classname="PracticeTest" time="368.592"/>
  <system-out><![CDATA[?[31mD:\DataCloud\OneDrive\OneDrive - Institut Teknologi Sepuluh Nopember\Aktif\Lomba\HashCode\2021\d_many_pizzas.in?[0m
================== Construct - d_many_pizzas.in Mulai =================
d_many_pizzas.in - gm - _0 - score=134382
d_many_pizzas.in - gm_li - _0 - score=84951
d_many_pizzas.in - gm_gi - _0 - score=5852435
d_many_pizzas.in - gm_gpc - _0 - score=84931
d_many_pizzas.in - lm_gpc - _0 - score=86440
======== best ==========
d_many_pizzas.in - gm_gi - _0 - score=5852435
========= optimasi =========
d_many_pizzas.in - gm_gi - rw_sa - score=5852871
]]></system-out>
  <system-err><![CDATA[]]></system-err>
</testsuite>
